<?xml version="1.0" encoding="UTF-8"?>
<!-- Generated by org.testng.reporters.JUnitReportReporter -->
<testsuite skipped="0" hostname="DESKTOP-SGESUL2" name="com.gettingstarted.seleniumlesson.FirstSelenuium" tests="1" failures="0" timestamp="25 Sep 2017 18:10:05 GMT" time="13.338" errors="0">
  <testcase name="firstTime" time="13.338" classname="com.gettingstarted.seleniumlesson.FirstSelenuium"/>
</testsuite> <!-- com.gettingstarted.seleniumlesson.FirstSelenuium -->
